<?xml version="1.0" encoding="UTF-8" standalone="yes"?>
<testsuites time="60.566" tests="2" failures="0" errors="0">
    <testsuite name="GraphWalker" tests="2" failures="0" errors="0" time="60.566" timestamp="2023-06-26T11:28:54">
        <properties>
            <property name="classworlds.conf" value="C:\graphwalker\apache-maven-3.9.0\bin\m2.conf"/>
            <property name="env.=::" value="::\"/>
            <property name="env.=C:" value="C:\Users\damar\Documents\SKRIPSI\YukJahit\yuk-jahit-GraphWalker\login"/>
            <property name="env.ALLUSERSPROFILE" value="C:\ProgramData"/>
            <property name="env.APPDATA" value="C:\Users\damar\AppData\Roaming"/>
            <property name="env.CLASSWORLDS_JAR" value="&quot;C:\graphwalker\apache-maven-3.9.0\boot\plexus-classworlds-2.6.0.jar&quot;"/>
            <property name="env.CLASSWORLDS_LAUNCHER" value="org.codehaus.plexus.classworlds.launcher.Launcher"/>
            <property name="env.COMMONPROGRAMFILES" value="C:\Program Files\Common Files"/>
            <property name="env.COMMONPROGRAMFILES(X86)" value="C:\Program Files (x86)\Common Files"/>
            <property name="env.COMMONPROGRAMW6432" value="C:\Program Files\Common Files"/>
            <property name="env.COMPUTERNAME" value="DESKTOP-J8E1K2U"/>
            <property name="env.COMSPEC" value="C:\Windows\system32\cmd.exe"/>
            <property name="env.DRIVERDATA" value="C:\Windows\System32\Drivers\DriverData"/>
            <property name="env.ERROR_CODE" value="0"/>
            <property name="env.EXEC_DIR" value="C:\Users\damar\Documents\SKRIPSI\YukJahit\yuk-jahit-GraphWalker\login"/>
            <property name="env.FPS_BROWSER_APP_PROFILE_STRING" value="Internet Explorer"/>
            <property name="env.FPS_BROWSER_USER_PROFILE_STRING" value="Default"/>
            <property name="env.HOMEDRIVE" value="C:"/>
            <property name="env.HOMEPATH" value="\Users\damar"/>
            <property name="env.IDEA_INITIAL_DIRECTORY" value="C:\Program Files\JetBrains\IntelliJ IDEA 2023.1\bin"/>
            <property name="env.INTELLIJ IDEA" value="C:\Program Files\JetBrains\IntelliJ IDEA 2023.1\bin;"/>
            <property name="env.JAVACMD" value="C:\Program Files\Java\jdk-19\bin\java.exe"/>
            <property name="env.JAVA_HOME" value="C:\Program Files\Java\jdk-19"/>
            <property name="env.JVMCONFIG" value="\.mvn\jvm.config"/>
            <property name="env.LOCALAPPDATA" value="C:\Users\damar\AppData\Local"/>
            <property name="env.LOGONSERVER" value="\\DESKTOP-J8E1K2U"/>
            <property name="env.M2_HOME" value="C:\graphwalker\apache-maven-3.9.0"/>
            <property name="env.MAVEN_CMD_LINE_ARGS" value="graphwalker:test"/>
            <property name="env.MAVEN_HOME" value="C:\graphwalker\apache-maven-3.9.0"/>
            <property name="env.MAVEN_PROJECTBASEDIR" value="C:\Users\damar\Documents\SKRIPSI\YukJahit\yuk-jahit-GraphWalker\login"/>
            <property name="env.NUMBER_OF_PROCESSORS" value="4"/>
            <property name="env.ONEDRIVE" value="C:\Users\damar\OneDrive"/>
            <property name="env.OS" value="Windows_NT"/>
            <property name="env.PATH" value="C:\Program Files\Common Files\Oracle\Java\javapath;C:\Program Files (x86)\Intel\Intel(R) Management Engine Components\iCLS\;C:\Program Files\Intel\Intel(R) Management Engine Components\iCLS\;C:\Windows\system32;C:\Windows;C:\Windows\System32\Wbem;C:\Windows\System32\WindowsPowerShell\v1.0\;C:\Windows\System32\OpenSSH\;C:\Program Files (x86)\NVIDIA Corporation\PhysX\Common;C:\Program Files\Git\cmd;c:\Program Files (x86)\Intel\Intel(R) Management Engine Components\DAL;c:\Program Files\Intel\Intel(R) Management Engine Components\DAL;c:\Program Files (x86)\Intel\Intel(R) Management Engine Components\IPT;c:\Program Files\Intel\Intel(R) Management Engine Components\IPT;C:\graphwalker\apache-maven-3.9.0\bin;C:\Program Files\nodejs\;C:\Users\damar\AppData\Local\Microsoft\WindowsApps;C:\Users\damar\AppData\Local\Programs\Microsoft VS Code\bin;C:\Program Files\JetBrains\IntelliJ IDEA 2023.1\bin;;C:\Users\damar\AppData\Roaming\npm;C:\Users\damar\AppData\Local\GitHubDesktop\bin"/>
            <property name="env.PATHEXT" value=".COM;.EXE;.BAT;.CMD;.VBS;.VBE;.JS;.JSE;.WSF;.WSH;.MSC;.CPL"/>
            <property name="env.PROCESSOR_ARCHITECTURE" value="AMD64"/>
            <property name="env.PROCESSOR_IDENTIFIER" value="Intel64 Family 6 Model 142 Stepping 9, GenuineIntel"/>
            <property name="env.PROCESSOR_LEVEL" value="6"/>
            <property name="env.PROCESSOR_REVISION" value="8e09"/>
            <property name="env.PROGRAMDATA" value="C:\ProgramData"/>
            <property name="env.PROGRAMFILES" value="C:\Program Files"/>
            <property name="env.PROGRAMFILES(X86)" value="C:\Program Files (x86)"/>
            <property name="env.PROGRAMW6432" value="C:\Program Files"/>
            <property name="env.PROMPT" value="$P$G"/>
            <property name="env.PSMODULEPATH" value="C:\Users\damar\OneDrive\Documents\WindowsPowerShell\Modules;C:\Program Files\WindowsPowerShell\Modules;C:\Windows\system32\WindowsPowerShell\v1.0\Modules"/>
            <property name="env.PUBLIC" value="C:\Users\Public"/>
            <property name="env.SESSIONNAME" value="Console"/>
            <property name="env.SYSTEMDRIVE" value="C:"/>
            <property name="env.SYSTEMROOT" value="C:\Windows"/>
            <property name="env.TEMP" value="C:\Users\damar\AppData\Local\Temp"/>
            <property name="env.TERMINAL_EMULATOR" value="JetBrains-JediTerm"/>
            <property name="env.TERM_SESSION_ID" value="b449e54e-f562-4ed6-bb39-31c6c08d4a1b"/>
            <property name="env.TMP" value="C:\Users\damar\AppData\Local\Temp"/>
            <property name="env.USERDOMAIN" value="DESKTOP-J8E1K2U"/>
            <property name="env.USERDOMAIN_ROAMINGPROFILE" value="DESKTOP-J8E1K2U"/>
            <property name="env.USERNAME" value="damar"/>
            <property name="env.USERPROFILE" value="C:\Users\damar"/>
            <property name="env.WDIR" value="C:\"/>
            <property name="env.WINDIR" value="C:\Windows"/>
            <property name="env.ZES_ENABLE_SYSMAN" value="1"/>
            <property name="file.encoding" value="UTF-8"/>
            <property name="file.separator" value="\"/>
            <property name="java.class.path" value="C:\graphwalker\apache-maven-3.9.0\boot\plexus-classworlds-2.6.0.jar"/>
            <property name="java.class.version" value="63.0"/>
            <property name="java.home" value="C:\Program Files\Java\jdk-19"/>
            <property name="java.io.tmpdir" value="C:\Users\damar\AppData\Local\Temp\"/>
            <property name="java.library.path" value="C:\Program Files\Java\jdk-19\bin;C:\Windows\Sun\Java\bin;C:\Windows\system32;C:\Windows;C:\Program Files\Common Files\Oracle\Java\javapath;C:\Program Files (x86)\Intel\Intel(R) Management Engine Components\iCLS\;C:\Program Files\Intel\Intel(R) Management Engine Components\iCLS\;C:\Windows\system32;C:\Windows;C:\Windows\System32\Wbem;C:\Windows\System32\WindowsPowerShell\v1.0\;C:\Windows\System32\OpenSSH\;C:\Program Files (x86)\NVIDIA Corporation\PhysX\Common;C:\Program Files\Git\cmd;c:\Program Files (x86)\Intel\Intel(R) Management Engine Components\DAL;c:\Program Files\Intel\Intel(R) Management Engine Components\DAL;c:\Program Files (x86)\Intel\Intel(R) Management Engine Components\IPT;c:\Program Files\Intel\Intel(R) Management Engine Components\IPT;C:\graphwalker\apache-maven-3.9.0\bin;C:\Program Files\nodejs\;C:\Users\damar\AppData\Local\Microsoft\WindowsApps;C:\Users\damar\AppData\Local\Programs\Microsoft VS Code\bin;C:\Program Files\JetBrains\IntelliJ IDEA 2023.1\bin;;C:\Users\damar\AppData\Roaming\npm;C:\Users\damar\AppData\Local\GitHubDesktop\bin;."/>
            <property name="java.runtime.name" value="Java(TM) SE Runtime Environment"/>
            <property name="java.runtime.version" value="19+36-2238"/>
            <property name="java.specification.name" value="Java Platform API Specification"/>
            <property name="java.specification.vendor" value="Oracle Corporation"/>
            <property name="java.specification.version" value="19"/>
            <property name="java.vendor" value="Oracle Corporation"/>
            <property name="java.vendor.url" value="https://java.oracle.com/"/>
            <property name="java.vendor.url.bug" value="https://bugreport.java.com/bugreport/"/>
            <property name="java.version" value="19"/>
            <property name="java.version.date" value="2022-09-20"/>
            <property name="java.vm.compressedOopsMode" value="Zero based"/>
            <property name="java.vm.info" value="mixed mode, sharing"/>
            <property name="java.vm.name" value="Java HotSpot(TM) 64-Bit Server VM"/>
            <property name="java.vm.specification.name" value="Java Virtual Machine Specification"/>
            <property name="java.vm.specification.vendor" value="Oracle Corporation"/>
            <property name="java.vm.specification.version" value="19"/>
            <property name="java.vm.vendor" value="Oracle Corporation"/>
            <property name="java.vm.version" value="19+36-2238"/>
            <property name="jdk.debug" value="release"/>
            <property name="library.jansi.path" value="C:\graphwalker\apache-maven-3.9.0\lib\jansi-native"/>
            <property name="line.separator" value="&#13;&#10;"/>
            <property name="maven.build.version" value="Apache Maven 3.9.0 (9b58d2bad23a66be161c4664ef21ce219c2c8584)"/>
            <property name="maven.conf" value="C:\graphwalker\apache-maven-3.9.0/conf"/>
            <property name="maven.home" value="C:\graphwalker\apache-maven-3.9.0"/>
            <property name="maven.multiModuleProjectDirectory" value="C:\Users\damar\Documents\SKRIPSI\YukJahit\yuk-jahit-GraphWalker\login"/>
            <property name="maven.version" value="3.9.0"/>
            <property name="native.encoding" value="Cp1252"/>
            <property name="os.arch" value="amd64"/>
            <property name="os.name" value="Windows 10"/>
            <property name="os.version" value="10.0"/>
            <property name="path.separator" value=";"/>
            <property name="stderr.encoding" value="cp850"/>
            <property name="stdout.encoding" value="cp850"/>
            <property name="sun.arch.data.model" value="64"/>
            <property name="sun.boot.library.path" value="C:\Program Files\Java\jdk-19\bin"/>
            <property name="sun.cpu.endian" value="little"/>
            <property name="sun.cpu.isalist" value="amd64"/>
            <property name="sun.io.unicode.encoding" value="UnicodeLittle"/>
            <property name="sun.java.command" value="org.codehaus.plexus.classworlds.launcher.Launcher graphwalker:test"/>
            <property name="sun.java.launcher" value="SUN_STANDARD"/>
            <property name="sun.jnu.encoding" value="Cp1252"/>
            <property name="sun.management.compiler" value="HotSpot 64-Bit Tiered Compilers"/>
            <property name="sun.os.patch.level" value=""/>
            <property name="user.country" value="ID"/>
            <property name="user.dir" value="C:\Users\damar\Documents\SKRIPSI\YukJahit\yuk-jahit-GraphWalker\login"/>
            <property name="user.home" value="C:\Users\damar"/>
            <property name="user.language" value="en"/>
            <property name="user.name" value="damar"/>
            <property name="user.script" value=""/>
            <property name="user.variant" value=""/>
        </properties>
        <testcase name="LoginTest" time="30.283" classname="com.yukjahit.modelImplementations.LoginTest"/>
        <testcase name="RegisterTest" time="30.283" classname="com.yukjahit.modelImplementations.RegisterTest"/>
    </testsuite>
</testsuites>
